#
# There is insufficient memory for the Java Runtime Environment to continue.
# Native memory allocation (malloc) failed to allocate 1539056 bytes for Chunk::new
# Possible reasons:
#   The system is out of physical RAM or swap space
#   The process is running with CompressedOops enabled, and the Java Heap may be blocking the growth of the native heap
# Possible solutions:
#   Reduce memory load on the system
#   Increase physical memory or swap space
#   Check if swap backing store is full
#   Decrease Java heap size (-Xmx/-Xms)
#   Decrease number of Java threads
#   Decrease Java thread stack sizes (-Xss)
#   Set larger code cache with -XX:ReservedCodeCacheSize=
#   JVM is running with Unscaled Compressed Oops mode in which the Java heap is
#     placed in the first 4GB address space. The Java Heap base address is the
#     maximum limit for the native heap growth. Please use -XX:HeapBaseMinAddress
#     to set the Java Heap base and to place the Java Heap above 4GB virtual address.
# This output file may be truncated or incomplete.
#
#  Out of Memory Error (allocation.cpp:389), pid=9792, tid=0x000000000000182c
#
# JRE version: OpenJDK Runtime Environment (8.0_242-b01) (build 1.8.0_242-release-1644-b01)
# Java VM: OpenJDK 64-Bit Server VM (25.242-b01 mixed mode windows-amd64 compressed oops)
# Failed to write core dump. Minidumps are not enabled by default on client versions of Windows
#

---------------  T H R E A D  ---------------

Current thread (0x0000000017d42800):  JavaThread "C2 CompilerThread0" daemon [_thread_in_native, id=6188, stack(0x00000000193a0000,0x00000000194a0000)]

Stack: [0x00000000193a0000,0x00000000194a0000]
[error occurred during error reporting (printing stack bounds), id 0xc0000005]

Native frames: (J=compiled Java code, j=interpreted, Vv=VM code, C=native code)


Current CompileTask:
C2: 485999 13618       4       org.objectweb.asm.ClassReader::accept (1250 bytes)


---------------  P R O C E S S  ---------------

Java Threads: ( => current thread )
  0x000000001cd80000 JavaThread "ForkJoinPool.commonPool-worker-3" daemon [_thread_blocked, id=7392, stack(0x0000000022540000,0x0000000022640000)]
  0x000000001cd7d000 JavaThread "ForkJoinPool.commonPool-worker-2" daemon [_thread_blocked, id=11188, stack(0x0000000022340000,0x0000000022440000)]
  0x000000001cd7b800 JavaThread "ForkJoinPool.commonPool-worker-1" daemon [_thread_blocked, id=6956, stack(0x0000000022240000,0x0000000022340000)]
  0x000000001cd7c000 JavaThread "Cache worker for Java compile cache (C:\Users\Togzhan\AndroidStudioProjects\JIHC_house\.gradle\6.5\javaCompile)" [_thread_blocked, id=8216, stack(0x0000000021d40000,0x0000000021e40000)]
  0x000000001cd78800 JavaThread "Cache worker for Java compile cache (C:\Users\Togzhan\.gradle\caches\6.5\javaCompile)" [_thread_blocked, id=6268, stack(0x000000001c260000,0x000000001c360000)]
  0x000000001d59c000 JavaThread "WorkerExecutor Queue Thread 2" [_thread_blocked, id=10056, stack(0x000000002b000000,0x000000002b100000)]
  0x000000001f75d000 JavaThread "stdout" [_thread_in_native, id=10152, stack(0x000000002b370000,0x000000002b470000)]
  0x000000001f75e800 JavaThread "stderr" [_thread_in_native, id=3084, stack(0x000000002b270000,0x000000002b370000)]
  0x000000001f75c000 JavaThread "pool-4-thread-1" [_thread_blocked, id=9064, stack(0x000000002ab10000,0x000000002ac10000)]
  0x000000001f75b800 JavaThread "WorkerExecutor Queue" [_thread_blocked, id=4080, stack(0x000000002aa10000,0x000000002ab10000)]
  0x000000001f75a000 JavaThread "Cache worker for execution history cache (C:\Users\Togzhan\AndroidStudioProjects\JIHC_house\.gradle\6.5\executionHistory)" [_thread_blocked, id=2708, stack(0x000000002a910000,0x000000002aa10000)]
  0x000000001f752800 JavaThread "Execution worker for ':' Thread 3" [_thread_blocked, id=1156, stack(0x000000002a410000,0x000000002a510000)]
  0x000000001f757800 JavaThread "Execution worker for ':' Thread 2" [_thread_blocked, id=8980, stack(0x000000002a310000,0x000000002a410000)]
  0x000000001f759000 JavaThread "Execution worker for ':'" [_thread_blocked, id=3424, stack(0x000000002a210000,0x000000002a310000)]
  0x000000001f755800 JavaThread "Cache worker for file content cache (C:\Users\Togzhan\AndroidStudioProjects\JIHC_house\.gradle\6.5\fileContent)" [_thread_blocked, id=5496, stack(0x000000002a110000,0x000000002a210000)]
  0x000000001f758800 JavaThread "pool-3-thread-1" [_thread_blocked, id=8424, stack(0x0000000029c10000,0x0000000029d10000)]
  0x000000001f74f800 JavaThread "Cache worker for Build Output Cleanup Cache (C:\Users\Togzhan\AndroidStudioProjects\JIHC_house\.gradle\buildOutputCleanup)" [_thread_blocked, id=3912, stack(0x0000000027c40000,0x0000000027d40000)]
  0x000000001ead8000 JavaThread "Build operations Thread 4" [_thread_blocked, id=8796, stack(0x0000000021840000,0x0000000021940000)]
  0x000000001ead6000 JavaThread "Build operations Thread 3" [_thread_blocked, id=9936, stack(0x0000000021740000,0x0000000021840000)]
  0x000000001eada800 JavaThread "Build operations Thread 2" [_thread_blocked, id=10680, stack(0x0000000021020000,0x0000000021120000)]
  0x000000001eace000 JavaThread "Build operations" [_thread_blocked, id=10108, stack(0x0000000020720000,0x0000000020820000)]
  0x000000001ead5000 JavaThread "Cache worker for cache directory md-rule (C:\Users\Togzhan\.gradle\caches\6.5\md-rule)" [_thread_blocked, id=4252, stack(0x000000001ffd0000,0x00000000200d0000)]
  0x000000001ead3800 JavaThread "Cache worker for cache directory md-supplier (C:\Users\Togzhan\.gradle\caches\6.5\md-supplier)" [_thread_blocked, id=8136, stack(0x000000001c860000,0x000000001c960000)]
  0x000000001ead4000 JavaThread "Cache worker for checksums cache (C:\Users\Togzhan\AndroidStudioProjects\JIHC_house\.gradle\checksums)" [_thread_blocked, id=240, stack(0x000000001c760000,0x000000001c860000)]
  0x000000001eacc800 JavaThread "Cache worker for file hash cache (C:\Users\Togzhan\AndroidStudioProjects\JIHC_house\.gradle\6.5\fileHashes)" [_thread_blocked, id=9484, stack(0x000000001c660000,0x000000001c760000)]
  0x000000001eacc000 JavaThread "Thread-132" [_thread_blocked, id=792, stack(0x000000001c560000,0x000000001c660000)]
  0x000000001ead1000 JavaThread "Asynchronous log dispatcher for DefaultDaemonConnection: socket connection from /127.0.0.1:52073 to /127.0.0.1:52087" [_thread_blocked, id=4976, stack(0x000000001bc10000,0x000000001bd10000)]
  0x000000001ead0800 JavaThread "Daemon worker Thread 2" [_thread_in_native, id=4136, stack(0x000000001bb10000,0x000000001bc10000)]
  0x000000001ead2800 JavaThread "Cancel handler" [_thread_blocked, id=6016, stack(0x0000000001550000,0x0000000001650000)]
  0x000000001eacf800 JavaThread "Handler for socket connection from /127.0.0.1:52073 to /127.0.0.1:52087" [_thread_in_native, id=10976, stack(0x0000000001430000,0x0000000001530000)]
  0x000000001ead2000 JavaThread "Daemon Thread 2" [_thread_blocked, id=3560, stack(0x0000000001230000,0x0000000001330000)]
  0x000000001d5a3800 JavaThread "MarlinRenderer Disposer" daemon [_thread_blocked, id=8092, stack(0x000000002b170000,0x000000002b270000)]
  0x000000001d59f000 JavaThread "Java2D Disposer" daemon [_thread_blocked, id=1244, stack(0x000000002ae10000,0x000000002af10000)]
  0x000000001ead9000 JavaThread "Memory manager" [_thread_blocked, id=8288, stack(0x0000000029b10000,0x0000000029c10000)]
  0x000000001ac62800 JavaThread "Cache worker for file content cache (C:\Users\Togzhan\.gradle\caches\6.5\fileContent)" [_thread_blocked, id=6664, stack(0x0000000020f20000,0x0000000021020000)]
  0x000000001ac65800 JavaThread "Cache worker for execution history cache (C:\Users\Togzhan\.gradle\caches\6.5\executionHistory)" [_thread_blocked, id=4708, stack(0x0000000020820000,0x0000000020920000)]
  0x000000001ac64000 JavaThread "Cache worker for file hash cache (C:\Users\Togzhan\.gradle\caches\6.5\fileHashes)" [_thread_blocked, id=5988, stack(0x000000001dd30000,0x000000001de30000)]
  0x000000001ac68800 JavaThread "File lock request listener" [_thread_in_native, id=1944, stack(0x000000001dc30000,0x000000001dd30000)]
  0x0000000019a16800 JavaThread "Cache worker for journal cache (C:\Users\Togzhan\.gradle\caches\journal-1)" [_thread_blocked, id=11220, stack(0x000000001db30000,0x000000001dc30000)]
  0x000000001994b000 JavaThread "Daemon periodic checks" [_thread_blocked, id=11072, stack(0x000000001bf60000,0x000000001c060000)]
  0x000000001afc9000 JavaThread "Incoming local TCP Connector on port 52073" [_thread_in_native, id=4368, stack(0x000000001bd10000,0x000000001be10000)]
  0x000000001a8ee800 JavaThread "Daemon health stats" [_thread_blocked, id=9632, stack(0x000000001b6d0000,0x000000001b7d0000)]
  0x0000000017d9d800 JavaThread "Service Thread" daemon [_thread_blocked, id=4324, stack(0x0000000019aa0000,0x0000000019ba0000)]
  0x0000000017d5a800 JavaThread "C1 CompilerThread2" daemon [_thread_blocked, id=8616, stack(0x00000000195a0000,0x00000000196a0000)]
  0x0000000017d4a000 JavaThread "C2 CompilerThread1" daemon [_thread_in_native, id=6324, stack(0x00000000194a0000,0x00000000195a0000)]
=>0x0000000017d42800 JavaThread "C2 CompilerThread0" daemon [_thread_in_native, id=6188, stack(0x00000000193a0000,0x00000000194a0000)]
  0x0000000017d41000 JavaThread "Attach Listener" daemon [_thread_blocked, id=10764, stack(0x00000000192a0000,0x00000000193a0000)]
  0x0000000017d47800 JavaThread "Signal Dispatcher" daemon [_thread_blocked, id=9924, stack(0x00000000191a0000,0x00000000192a0000)]
  0x000000000311b000 JavaThread "Finalizer" daemon [_thread_blocked, id=9192, stack(0x0000000018f90000,0x0000000019090000)]
  0x0000000017d29000 JavaThread "Reference Handler" daemon [_thread_blocked, id=10980, stack(0x0000000018e90000,0x0000000018f90000)]
  0x000000000174e000 JavaThread "main" [_thread_blocked, id=2144, stack(0x0000000002f20000,0x0000000003020000)]

Other Threads:
  0x0000000017d06000 VMThread [stack: 0x0000000018d90000,0x0000000018e90000] [id=1232]
  0x0000000017d9e800 WatcherThread [stack: 0x0000000019ba0000,0x0000000019ca0000] [id=9528]

VM state:not at safepoint (normal execution)

VM Mutex/Monitor currently owned by a thread: None

heap address: 0x0000000080000000, size: 2048 MB, Compressed Oops mode: 32-bit
Narrow klass base: 0x0000000000000000, Narrow klass shift: 3
Compressed class space size: 1073741824 Address: 0x0000000100000000

Heap:
 PSYoungGen      total 175104K, used 86105K [0x00000000d5580000, 0x00000000e2e00000, 0x0000000100000000)
  eden space 133632K, 53% used [0x00000000d5580000,0x00000000d9bc2cf0,0x00000000dd800000)
  from space 41472K, 34% used [0x00000000dd800000,0x00000000de5d3908,0x00000000e0080000)
  to   space 38912K, 0% used [0x00000000e0800000,0x00000000e0800000,0x00000000e2e00000)
 ParOldGen       total 133632K, used 47987K [0x0000000080000000, 0x0000000088280000, 0x00000000d5580000)
  object space 133632K, 35% used [0x0000000080000000,0x0000000082edce40,0x0000000088280000)
 Metaspace       used 83755K, capacity 87390K, committed 87576K, reserved 1126400K
  class space    used 10871K, capacity 11529K, committed 11568K, reserved 1048576K

Card table byte_map: [0x00000000124e0000,0x00000000128f0000] byte_map_base: 0x00000000120e0000

Marking Bits: (ParMarkBitMap*) 0x00000000551ff030
 Begin Bits: [0x0000000012fa0000, 0x0000000014fa0000)
 End Bits:   [0x0000000014fa0000, 0x0000000016fa0000)

Polling page: 0x00000000016b0000

CodeCache: size=245760Kb used=37110Kb max_used=37110Kb free=208649Kb
 bounds [0x0000000003120000, 0x00000000055a0000, 0x0000000012120000]
 total_blobs=12344 nmethods=11391 adapters=866
 compilation: enabled

Compilation events (10 events):
Event: 485.882 Thread 0x0000000017d5a800 13641       2       com.android.builder.desugaring.TypeDependencies::getDependents (17 bytes)
Event: 485.882 Thread 0x0000000017d5a800 nmethod 13641 0x00000000042beed0 code [0x00000000042bf040, 0x00000000042bf238]
Event: 485.883 Thread 0x0000000017d5a800 13642       2       com.android.builder.desugaring.TypeDependencies::collectNeighbours (112 bytes)
Event: 485.885 Thread 0x0000000017d5a800 nmethod 13642 0x00000000055772d0 code [0x00000000055774e0, 0x0000000005577bf8]
Event: 485.888 Thread 0x0000000017d5a800 13643       2       com.android.builder.desugaring.TypeDependencies::getAllDependents (11 bytes)
Event: 485.889 Thread 0x0000000017d5a800 nmethod 13643 0x0000000004095490 code [0x0000000004095600, 0x00000000040957e8]
Event: 485.889 Thread 0x0000000017d5a800 13645       2       com.android.builder.desugaring.TypePaths::reverseMapping (154 bytes)
Event: 485.891 Thread 0x0000000017d5a800 nmethod 13645 0x0000000005576450 code [0x00000000055766c0, 0x0000000005576de8]
Event: 485.891 Thread 0x0000000017d5a800 13644       2       com.android.builder.desugaring.TypeDependencies$$Lambda$715/1548478899::get$Lambda (9 bytes)
Event: 485.892 Thread 0x0000000017d5a800 nmethod 13644 0x0000000004e26710 code [0x0000000004e26860, 0x0000000004e269f0]

GC Heap History (10 events):
Event: 85.994 GC heap before
{Heap before GC invocations=28 (full 3):
 PSYoungGen      total 158720K, used 152142K [0x00000000d5580000, 0x00000000e0b00000, 0x0000000100000000)
  eden space 134656K, 100% used [0x00000000d5580000,0x00000000dd900000,0x00000000dd900000)
  from space 24064K, 72% used [0x00000000df200000,0x00000000e0313a88,0x00000000e0980000)
  to   space 25600K, 0% used [0x00000000dd900000,0x00000000dd900000,0x00000000df200000)
 ParOldGen       total 76800K, used 46619K [0x0000000080000000, 0x0000000084b00000, 0x00000000d5580000)
  object space 76800K, 60% used [0x0000000080000000,0x0000000082d86c00,0x0000000084b00000)
 Metaspace       used 71379K, capacity 74566K, committed 74776K, reserved 1114112K
  class space    used 9641K, capacity 10268K, committed 10288K, reserved 1048576K
Event: 86.048 GC heap after
Heap after GC invocations=28 (full 3):
 PSYoungGen      total 160256K, used 25592K [0x00000000d5580000, 0x00000000e1e00000, 0x0000000100000000)
  eden space 134656K, 0% used [0x00000000d5580000,0x00000000d5580000,0x00000000dd900000)
  from space 25600K, 99% used [0x00000000dd900000,0x00000000df1fe258,0x00000000df200000)
  to   space 30208K, 0% used [0x00000000e0080000,0x00000000e0080000,0x00000000e1e00000)
 ParOldGen       total 76800K, used 46627K [0x0000000080000000, 0x0000000084b00000, 0x00000000d5580000)
  object space 76800K, 60% used [0x0000000080000000,0x0000000082d88c00,0x0000000084b00000)
 Metaspace       used 71379K, capacity 74566K, committed 74776K, reserved 1114112K
  class space    used 9641K, capacity 10268K, committed 10288K, reserved 1048576K
}
Event: 306.093 GC heap before
{Heap before GC invocations=29 (full 3):
 PSYoungGen      total 160256K, used 160248K [0x00000000d5580000, 0x00000000e1e00000, 0x0000000100000000)
  eden space 134656K, 100% used [0x00000000d5580000,0x00000000dd900000,0x00000000dd900000)
  from space 25600K, 99% used [0x00000000dd900000,0x00000000df1fe258,0x00000000df200000)
  to   space 30208K, 0% used [0x00000000e0080000,0x00000000e0080000,0x00000000e1e00000)
 ParOldGen       total 76800K, used 46627K [0x0000000080000000, 0x0000000084b00000, 0x00000000d5580000)
  object space 76800K, 60% used [0x0000000080000000,0x0000000082d88c00,0x0000000084b00000)
 Metaspace       used 76054K, capacity 79430K, committed 79512K, reserved 1118208K
  class space    used 9982K, capacity 10648K, committed 10672K, reserved 1048576K
Event: 306.737 GC heap after
Heap after GC invocations=29 (full 3):
 PSYoungGen      total 163840K, used 30185K [0x00000000d5580000, 0x00000000e3300000, 0x0000000100000000)
  eden space 133632K, 0% used [0x00000000d5580000,0x00000000d5580000,0x00000000dd800000)
  from space 30208K, 99% used [0x00000000e0080000,0x00000000e1dfa7d8,0x00000000e1e00000)
  to   space 41472K, 0% used [0x00000000dd800000,0x00000000dd800000,0x00000000e0080000)
 ParOldGen       total 76800K, used 63164K [0x0000000080000000, 0x0000000084b00000, 0x00000000d5580000)
  object space 76800K, 82% used [0x0000000080000000,0x0000000083daf008,0x0000000084b00000)
 Metaspace       used 76054K, capacity 79430K, committed 79512K, reserved 1118208K
  class space    used 9982K, capacity 10648K, committed 10672K, reserved 1048576K
}
Event: 306.738 GC heap before
{Heap before GC invocations=30 (full 4):
 PSYoungGen      total 163840K, used 30185K [0x00000000d5580000, 0x00000000e3300000, 0x0000000100000000)
  eden space 133632K, 0% used [0x00000000d5580000,0x00000000d5580000,0x00000000dd800000)
  from space 30208K, 99% used [0x00000000e0080000,0x00000000e1dfa7d8,0x00000000e1e00000)
  to   space 41472K, 0% used [0x00000000dd800000,0x00000000dd800000,0x00000000e0080000)
 ParOldGen       total 76800K, used 63164K [0x0000000080000000, 0x0000000084b00000, 0x00000000d5580000)
  object space 76800K, 82% used [0x0000000080000000,0x0000000083daf008,0x0000000084b00000)
 Metaspace       used 76054K, capacity 79430K, committed 79512K, reserved 1118208K
  class space    used 9982K, capacity 10648K, committed 10672K, reserved 1048576K
Event: 308.281 GC heap after
Heap after GC invocations=30 (full 4):
 PSYoungGen      total 163840K, used 0K [0x00000000d5580000, 0x00000000e3300000, 0x0000000100000000)
  eden space 133632K, 0% used [0x00000000d5580000,0x00000000d5580000,0x00000000dd800000)
  from space 30208K, 0% used [0x00000000e0080000,0x00000000e0080000,0x00000000e1e00000)
  to   space 41472K, 0% used [0x00000000dd800000,0x00000000dd800000,0x00000000e0080000)
 ParOldGen       total 76800K, used 65009K [0x0000000080000000, 0x0000000084b00000, 0x00000000d5580000)
  object space 76800K, 84% used [0x0000000080000000,0x0000000083f7c618,0x0000000084b00000)
 Metaspace       used 76028K, capacity 79364K, committed 79512K, reserved 1118208K
  class space    used 9974K, capacity 10633K, committed 10672K, reserved 1048576K
}
Event: 470.960 GC heap before
{Heap before GC invocations=31 (full 5):
 PSYoungGen      total 163840K, used 133632K [0x00000000d5580000, 0x00000000e3300000, 0x0000000100000000)
  eden space 133632K, 100% used [0x00000000d5580000,0x00000000dd800000,0x00000000dd800000)
  from space 30208K, 0% used [0x00000000e0080000,0x00000000e0080000,0x00000000e1e00000)
  to   space 41472K, 0% used [0x00000000dd800000,0x00000000dd800000,0x00000000e0080000)
 ParOldGen       total 76800K, used 65009K [0x0000000080000000, 0x0000000084b00000, 0x00000000d5580000)
  object space 76800K, 84% used [0x0000000080000000,0x0000000083f7c618,0x0000000084b00000)
 Metaspace       used 77227K, capacity 80584K, committed 80920K, reserved 1120256K
  class space    used 10070K, capacity 10703K, committed 10800K, reserved 1048576K
Event: 471.671 GC heap after
Heap after GC invocations=31 (full 5):
 PSYoungGen      total 163840K, used 0K [0x00000000d5580000, 0x00000000e3300000, 0x0000000100000000)
  eden space 133632K, 0% used [0x00000000d5580000,0x00000000d5580000,0x00000000dd800000)
  from space 30208K, 0% used [0x00000000e0080000,0x00000000e0080000,0x00000000e1e00000)
  to   space 41472K, 0% used [0x00000000dd800000,0x00000000dd800000,0x00000000e0080000)
 ParOldGen       total 133632K, used 47979K [0x0000000080000000, 0x0000000088280000, 0x00000000d5580000)
  object space 133632K, 35% used [0x0000000080000000,0x0000000082edae40,0x0000000088280000)
 Metaspace       used 77227K, capacity 80584K, committed 80920K, reserved 1120256K
  class space    used 10070K, capacity 10703K, committed 10800K, reserved 1048576K
}
Event: 484.262 GC heap before
{Heap before GC invocations=32 (full 5):
 PSYoungGen      total 163840K, used 133632K [0x00000000d5580000, 0x00000000e3300000, 0x0000000100000000)
  eden space 133632K, 100% used [0x00000000d5580000,0x00000000dd800000,0x00000000dd800000)
  from space 30208K, 0% used [0x00000000e0080000,0x00000000e0080000,0x00000000e1e00000)
  to   space 41472K, 0% used [0x00000000dd800000,0x00000000dd800000,0x00000000e0080000)
 ParOldGen       total 133632K, used 47979K [0x0000000080000000, 0x0000000088280000, 0x00000000d5580000)
  object space 133632K, 35% used [0x0000000080000000,0x0000000082edae40,0x0000000088280000)
 Metaspace       used 83712K, capacity 87320K, committed 87576K, reserved 1126400K
  class space    used 10865K, capacity 11528K, committed 11568K, reserved 1048576K
Event: 484.407 GC heap after
Heap after GC invocations=32 (full 5):
 PSYoungGen      total 175104K, used 14158K [0x00000000d5580000, 0x00000000e2e00000, 0x0000000100000000)
  eden space 133632K, 0% used [0x00000000d5580000,0x00000000d5580000,0x00000000dd800000)
  from space 41472K, 34% used [0x00000000dd800000,0x00000000de5d3908,0x00000000e0080000)
  to   space 38912K, 0% used [0x00000000e0800000,0x00000000e0800000,0x00000000e2e00000)
 ParOldGen       total 133632K, used 47987K [0x0000000080000000, 0x0000000088280000, 0x00000000d5580000)
  object space 133632K, 35% used [0x0000000080000000,0x0000000082edce40,0x0000000088280000)
 Metaspace       used 83712K, capacity 87320K, committed 87576K, reserved 1126400K
  class space    used 10865K, capacity 11528K, committed 11568K, reserved 1048576K
}

Deoptimization events (10 events):
Event: 483.600 Thread 0x000000001ead0800 Uncommon trap: reason=bimorphic action=maybe_recompile pc=0x00000000035cf430 method=com.google.common.collect.TransformedIterator.next()Ljava/lang/Object; @ 5
Event: 483.626 Thread 0x000000001ead0800 Uncommon trap: reason=bimorphic action=maybe_recompile pc=0x0000000003316b9c method=com.google.common.collect.TransformedIterator.hasNext()Z @ 4
Event: 483.627 Thread 0x000000001ead0800 Uncommon trap: reason=bimorphic action=maybe_recompile pc=0x00000000035cf430 method=com.google.common.collect.TransformedIterator.next()Ljava/lang/Object; @ 5
Event: 483.627 Thread 0x000000001ead0800 Uncommon trap: reason=bimorphic action=maybe_recompile pc=0x0000000003316b9c method=com.google.common.collect.TransformedIterator.hasNext()Z @ 4
Event: 483.627 Thread 0x000000001ead0800 Uncommon trap: reason=bimorphic action=maybe_recompile pc=0x00000000035cf430 method=com.google.common.collect.TransformedIterator.next()Ljava/lang/Object; @ 5
Event: 483.627 Thread 0x000000001ead0800 Uncommon trap: reason=bimorphic action=maybe_recompile pc=0x0000000003316b9c method=com.google.common.collect.TransformedIterator.hasNext()Z @ 4
Event: 483.627 Thread 0x000000001ead0800 Uncommon trap: reason=bimorphic action=maybe_recompile pc=0x00000000035cf430 method=com.google.common.collect.TransformedIterator.next()Ljava/lang/Object; @ 5
Event: 484.098 Thread 0x000000001cd80000 Uncommon trap: reason=unstable_if action=reinterpret pc=0x0000000003818984 method=org.objectweb.asm.ClassReader.readUtf(II[C)Ljava/lang/String; @ 41
Event: 485.175 Thread 0x000000001cd7b800 Uncommon trap: reason=unstable_if action=reinterpret pc=0x000000000556dd24 method=org.objectweb.asm.ClassReader.readField(Lorg/objectweb/asm/ClassVisitor;Lorg/objectweb/asm/Context;I)I @ 178
Event: 485.888 Thread 0x000000001ead0800 Uncommon trap: reason=class_check action=maybe_recompile pc=0x0000000003bab2e0 method=java.util.HashMap.removeNode(ILjava/lang/Object;Ljava/lang/Object;ZZ)Ljava/util/HashMap$Node; @ 68

Classes redefined (0 events):
No events

Internal exceptions (10 events):
Event: 472.025 Thread 0x000000001ead0800 Exception <a 'sun/nio/fs/WindowsException'> (0x00000000d5b44a08) thrown at [C:\src\AOSP-openjdk-git\hotspot\src\share\vm\prims\jni.cpp, line 710]
Event: 472.026 Thread 0x000000001ead0800 Exception <a 'sun/nio/fs/WindowsException'> (0x00000000d5b46270) thrown at [C:\src\AOSP-openjdk-git\hotspot\src\share\vm\prims\jni.cpp, line 710]
Event: 472.042 Thread 0x000000001ead0800 Exception <a 'sun/nio/fs/WindowsException'> (0x00000000d5b4e990) thrown at [C:\src\AOSP-openjdk-git\hotspot\src\share\vm\prims\jni.cpp, line 710]
Event: 472.043 Thread 0x000000001ead0800 Exception <a 'sun/nio/fs/WindowsException'> (0x00000000d5b50240) thrown at [C:\src\AOSP-openjdk-git\hotspot\src\share\vm\prims\jni.cpp, line 710]
Event: 472.044 Thread 0x000000001ead0800 Exception <a 'sun/nio/fs/WindowsException'> (0x00000000d5b52df8) thrown at [C:\src\AOSP-openjdk-git\hotspot\src\share\vm\prims\jni.cpp, line 710]
Event: 472.044 Thread 0x000000001ead0800 Exception <a 'sun/nio/fs/WindowsException'> (0x00000000d5b546b8) thrown at [C:\src\AOSP-openjdk-git\hotspot\src\share\vm\prims\jni.cpp, line 710]
Event: 472.157 Thread 0x000000001ead0800 Exception <a 'java/lang/NoSuchMethodError': java.lang.Object.lambda$comparingByKey$bbdbfea9$1(Ljava/util/Map$Entry;Ljava/util/Map$Entry;)I> (0x00000000d5c27310) thrown at [C:\src\AOSP-openjdk-git\hotspot\src\share\vm\interpreter\linkResolver.cpp, line 620
Event: 482.227 Thread 0x000000001eacc000 Exception <a 'java/lang/NoSuchMethodError': <clinit>> (0x00000000da3cab80) thrown at [C:\src\AOSP-openjdk-git\hotspot\src\share\vm\prims\jni.cpp, line 1615]
Event: 483.628 Thread 0x000000001cd7d000 Exception <a 'sun/nio/fs/WindowsException'> (0x00000000dab81e68) thrown at [C:\src\AOSP-openjdk-git\hotspot\src\share\vm\prims\jni.cpp, line 710]
Event: 483.727 Thread 0x000000001cd80000 Exception <a 'java/lang/NoSuchMethodError': java.lang.Object.lambda$static$0(Ljava/lang/String;)Z> (0x00000000dab9a298) thrown at [C:\src\AOSP-openjdk-git\hotspot\src\share\vm\interpreter\linkResolver.cpp, line 620]

Events (10 events):
Event: 485.819 loading class com/google/common/cache/LocalCache$StrongAccessEntry done
Event: 485.850 loading class com/google/common/cache/LocalCache$NullEntry
Event: 485.850 loading class com/google/common/cache/LocalCache$NullEntry done
Event: 485.853 loading class com/android/builder/desugaring/TypeDependencies
Event: 485.853 loading class com/android/builder/desugaring/TypeDependencies done
Event: 485.888 Thread 0x000000001ead0800 Uncommon trap: trap_request=0xffffffde fr.pc=0x0000000003bab2e0
Event: 485.888 Thread 0x000000001ead0800 DEOPT PACKING pc=0x0000000003bab2e0 sp=0x000000001bc088d0
Event: 485.888 Thread 0x000000001ead0800 DEOPT UNPACKING pc=0x000000000316557b sp=0x000000001bc08768 mode 2
Event: 485.889 loading class com/android/builder/dexing/r8/ClassFileProviderFactory
Event: 485.889 loading class com/android/builder/dexing/r8/ClassFileProviderFactory done


Dynamic libraries:
0x00007ff6d90d0000 - 0x00007ff6d9101000 	C:\Program Files\Android\Android Studio\jre\bin\java.exe
0x00007ff95be60000 - 0x00007ff95c050000 	C:\Windows\SYSTEM32\ntdll.dll
0x00007ff95ba10000 - 0x00007ff95bac2000 	C:\Windows\System32\KERNEL32.DLL
0x00007ff958fc0000 - 0x00007ff959265000 	C:\Windows\System32\KERNELBASE.dll
0x00007ff95b2d0000 - 0x00007ff95b373000 	C:\Windows\System32\ADVAPI32.dll
0x00007ff95a620000 - 0x00007ff95a6be000 	C:\Windows\System32\msvcrt.dll
0x00007ff95afe0000 - 0x00007ff95b077000 	C:\Windows\System32\sechost.dll
0x00007ff959f40000 - 0x00007ff95a05f000 	C:\Windows\System32\RPCRT4.dll
0x00007ff95b130000 - 0x00007ff95b2c4000 	C:\Windows\System32\USER32.dll
0x00007ff959e40000 - 0x00007ff959e61000 	C:\Windows\System32\win32u.dll
0x00007ff959f10000 - 0x00007ff959f36000 	C:\Windows\System32\GDI32.dll
0x00007ff9593c0000 - 0x00007ff959558000 	C:\Windows\System32\gdi32full.dll
0x00007ff959e70000 - 0x00007ff959f0e000 	C:\Windows\System32\msvcp_win.dll
0x00007ff958e30000 - 0x00007ff958f2a000 	C:\Windows\System32\ucrtbase.dll
0x00007ff9465f0000 - 0x00007ff946874000 	C:\Windows\WinSxS\amd64_microsoft.windows.common-controls_6595b64144ccf1df_6.0.18362.1379_none_9e7ff3b3e45cc0c4\COMCTL32.dll
0x00007ff95a2d0000 - 0x00007ff95a607000 	C:\Windows\System32\combase.dll
0x00007ff959630000 - 0x00007ff9596b1000 	C:\Windows\System32\bcryptPrimitives.dll
0x00007ff95a060000 - 0x00007ff95a08e000 	C:\Windows\System32\IMM32.DLL
0x0000000053e30000 - 0x0000000053f02000 	C:\Program Files\Android\Android Studio\jre\jre\bin\msvcr100.dll
0x0000000054a30000 - 0x000000005527b000 	C:\Program Files\Android\Android Studio\jre\jre\bin\server\jvm.dll
0x00007ff95a2c0000 - 0x00007ff95a2c8000 	C:\Windows\System32\PSAPI.DLL
0x00007ff9559a0000 - 0x00007ff9559c4000 	C:\Windows\SYSTEM32\WINMM.dll
0x00007ff948890000 - 0x00007ff948899000 	C:\Windows\SYSTEM32\WSOCK32.dll
0x00007ff95bd90000 - 0x00007ff95bdff000 	C:\Windows\System32\WS2_32.dll
0x00007ff951e40000 - 0x00007ff951e4a000 	C:\Windows\SYSTEM32\VERSION.dll
0x00007ff955970000 - 0x00007ff95599d000 	C:\Windows\SYSTEM32\winmmbase.dll
0x00007ff958de0000 - 0x00007ff958e2a000 	C:\Windows\System32\cfgmgr32.dll
0x00007ff952bd0000 - 0x00007ff952bdf000 	C:\Program Files\Android\Android Studio\jre\jre\bin\verify.dll
0x00007ff943220000 - 0x00007ff943249000 	C:\Program Files\Android\Android Studio\jre\jre\bin\java.dll
0x00007ff949be0000 - 0x00007ff949bf6000 	C:\Program Files\Android\Android Studio\jre\jre\bin\zip.dll
0x00007ff95a8f0000 - 0x00007ff95afd8000 	C:\Windows\System32\SHELL32.dll
0x00007ff95b080000 - 0x00007ff95b127000 	C:\Windows\System32\shcore.dll
0x00007ff9596c0000 - 0x00007ff959e3b000 	C:\Windows\System32\windows.storage.dll
0x00007ff958d90000 - 0x00007ff958db3000 	C:\Windows\System32\profapi.dll
0x00007ff958d40000 - 0x00007ff958d8a000 	C:\Windows\System32\powrprof.dll
0x00007ff958d10000 - 0x00007ff958d20000 	C:\Windows\System32\UMPDC.dll
0x00007ff95bcd0000 - 0x00007ff95bd22000 	C:\Windows\System32\shlwapi.dll
0x00007ff958dc0000 - 0x00007ff958dd1000 	C:\Windows\System32\kernel.appcore.dll
0x00007ff959560000 - 0x00007ff959577000 	C:\Windows\System32\cryptsp.dll
0x00007ff949b50000 - 0x00007ff949b6a000 	C:\Program Files\Android\Android Studio\jre\jre\bin\net.dll
0x00007ff958550000 - 0x00007ff9585b7000 	C:\Windows\system32\mswsock.dll
0x00007ff9436b0000 - 0x00007ff9436c3000 	C:\Program Files\Android\Android Studio\jre\jre\bin\nio.dll
0x00007ff943460000 - 0x00007ff943487000 	C:\Users\Togzhan\.gradle\native\f6784746aeab05261644944871eae4fe03e0ef1612fff0a4a95f87b438bc6780\windows-amd64\native-platform.dll
0x00007ff94df20000 - 0x00007ff94df2d000 	C:\Program Files\Android\Android Studio\jre\jre\bin\management.dll
0x00007ff958070000 - 0x00007ff9580a3000 	C:\Windows\system32\rsaenh.dll
0x00007ff958f90000 - 0x00007ff958fb6000 	C:\Windows\System32\bcrypt.dll
0x00007ff958c30000 - 0x00007ff958c55000 	C:\Windows\SYSTEM32\USERENV.dll
0x00007ff958720000 - 0x00007ff95872c000 	C:\Windows\SYSTEM32\CRYPTBASE.dll
0x00007ff958260000 - 0x00007ff95829a000 	C:\Windows\SYSTEM32\IPHLPAPI.DLL
0x00007ff95b8c0000 - 0x00007ff95b8c8000 	C:\Windows\System32\NSI.dll
0x00007ff94ee10000 - 0x00007ff94ee26000 	C:\Windows\SYSTEM32\dhcpcsvc6.DLL
0x00007ff94f0c0000 - 0x00007ff94f0dc000 	C:\Windows\SYSTEM32\dhcpcsvc.DLL
0x00007ff9582a0000 - 0x00007ff95836b000 	C:\Windows\SYSTEM32\DNSAPI.dll
0x00007ff951e10000 - 0x00007ff951e1b000 	C:\Windows\SYSTEM32\WINNSI.DLL
0x00007ff93a3f0000 - 0x00007ff93a58c000 	C:\Program Files\Android\Android Studio\jre\jre\bin\awt.dll
0x00007ff95bb50000 - 0x00007ff95bc15000 	C:\Windows\System32\OLEAUT32.dll
0x00007ff957650000 - 0x00007ff95767d000 	C:\Windows\SYSTEM32\dwmapi.dll
0x00007ff955aa0000 - 0x00007ff956060000 	C:\Windows\SYSTEM32\d2d1.dll
0x00007ff956e90000 - 0x00007ff956f1f000 	C:\Windows\SYSTEM32\apphelp.dll
0x00007ff957060000 - 0x00007ff9570f9000 	C:\Windows\system32\uxtheme.dll

VM Arguments:
jvm_args: -Xmx2048m -Dfile.encoding=UTF-8 -Duser.country=RU -Duser.language=ru -Duser.variant 
java_command: org.gradle.launcher.daemon.bootstrap.GradleDaemon 6.5
java_class_path (initial): C:\Users\Togzhan\.gradle\wrapper\dists\gradle-6.5-bin\6nifqtx7604sqp1q6g8wikw7p\gradle-6.5\lib\gradle-launcher-6.5.jar
Launcher Type: SUN_STANDARD

Environment Variables:
PATH=C:\Windows\system32;C:\Windows;C:\Windows\System32\Wbem;C:\Windows\System32\WindowsPowerShell\v1.0\;C:\Windows\System32\OpenSSH\;C:\Program Files\Git\cmd;C:\Program Files\Git\mingw64\bin;C:\Program Files\Git\usr\bin;C:\Users\Togzhan\AppData\Local\Programs\Python\Python38-32\Scripts\;C:\Users\Togzhan\AppData\Local\Programs\Python\Python38-32\;C:\Users\Togzhan\AppData\Local\Microsoft\WindowsApps;;C:\Users\Togzhan\AppData\Local\Programs\Microsoft VS Code\bin
USERNAME=Togzhan
OS=Windows_NT
PROCESSOR_IDENTIFIER=AMD64 Family 22 Model 48 Stepping 1, AuthenticAMD



---------------  S Y S T E M  ---------------

OS: Windows 10.0 , 64 bit Build 18362 (10.0.18362.1350)

CPU:total 4 (initial active 4) (4 cores per cpu, 1 threads per core) family 22 model 48 stepping 1, cmov, cx8, fxsr, mmx, sse, sse2, sse3, ssse3, sse4.1, sse4.2, popcnt, avx, aes, clmul, mmxext, 3dnowpref, lzcnt, sse4a, tsc, tscinvbit, tscinv, bmi1

Memory: 4k page, physical 3589056k(593976k free), swap 14599104k(6052k free)

vm_info: OpenJDK 64-Bit Server VM (25.242-b01) for windows-amd64 JRE (1.8.0_242-release-1644-b01), built by "builder" with MS VC++ 10.0 (VS2010)

time: Sun Mar 14 23:46:02 2021
timezone: Центральная Азия (зима)
elapsed time: 486 seconds (0d 0h 8m 6s)

